<?xml version="1.0" encoding="UTF-8"?>
<testsuite xmlns:xsi="http://www.w3.org/2001/XMLSchema-instance" xsi:noNamespaceSchemaLocation="https://maven.apache.org/surefire/maven-surefire-plugin/xsd/surefire-test-report.xsd" name="examples.ExamplesTest" time="4.408" tests="1" errors="0" skipped="0" failures="0">
  <properties>
    <property name="gopherProxySet" value="false"/>
    <property name="awt.toolkit" value="sun.lwawt.macosx.LWCToolkit"/>
    <property name="java.specification.version" value="11"/>
    <property name="sun.cpu.isalist" value=""/>
    <property name="sun.jnu.encoding" value="UTF-8"/>
    <property name="java.class.path" value="/Users/mhondar/Documents/AUTOMATIZACION/KARATE DSL/Angular Project/KarateUdemy/target/test-classes:/Users/mhondar/Documents/AUTOMATIZACION/KARATE DSL/Angular Project/KarateUdemy/target/classes:/Users/mhondar/.m2/repository/com/intuit/karate/karate-junit5/1.1.0/karate-junit5-1.1.0.jar:/Users/mhondar/.m2/repository/com/intuit/karate/karate-core/1.1.0/karate-core-1.1.0.jar:/Users/mhondar/.m2/repository/org/graalvm/js/js-scriptengine/21.2.0/js-scriptengine-21.2.0.jar:/Users/mhondar/.m2/repository/org/graalvm/sdk/graal-sdk/21.2.0/graal-sdk-21.2.0.jar:/Users/mhondar/.m2/repository/org/graalvm/js/js/21.2.0/js-21.2.0.jar:/Users/mhondar/.m2/repository/org/graalvm/regex/regex/21.2.0/regex-21.2.0.jar:/Users/mhondar/.m2/repository/org/graalvm/truffle/truffle-api/21.2.0/truffle-api-21.2.0.jar:/Users/mhondar/.m2/repository/com/ibm/icu/icu4j/69.1/icu4j-69.1.jar:/Users/mhondar/.m2/repository/ch/qos/logback/logback-classic/1.2.3/logback-classic-1.2.3.jar:/Users/mhondar/.m2/repository/ch/qos/logback/logback-core/1.2.3/logback-core-1.2.3.jar:/Users/mhondar/.m2/repository/org/slf4j/slf4j-api/1.7.25/slf4j-api-1.7.25.jar:/Users/mhondar/.m2/repository/org/slf4j/jcl-over-slf4j/1.7.25/jcl-over-slf4j-1.7.25.jar:/Users/mhondar/.m2/repository/com/jayway/jsonpath/json-path/2.6.0/json-path-2.6.0.jar:/Users/mhondar/.m2/repository/net/minidev/json-smart/2.4.7/json-smart-2.4.7.jar:/Users/mhondar/.m2/repository/net/minidev/accessors-smart/2.4.7/accessors-smart-2.4.7.jar:/Users/mhondar/.m2/repository/org/ow2/asm/asm/9.1/asm-9.1.jar:/Users/mhondar/.m2/repository/info/cukes/cucumber-java/1.2.5/cucumber-java-1.2.5.jar:/Users/mhondar/.m2/repository/info/cukes/cucumber-core/1.2.5/cucumber-core-1.2.5.jar:/Users/mhondar/.m2/repository/org/yaml/snakeyaml/1.29/snakeyaml-1.29.jar:/Users/mhondar/.m2/repository/de/siegmar/fastcsv/2.0.0/fastcsv-2.0.0.jar:/Users/mhondar/.m2/repository/info/picocli/picocli/4.6.1/picocli-4.6.1.jar:/Users/mhondar/.m2/repository/org/junit/jupiter/junit-jupiter-api/5.7.2/junit-jupiter-api-5.7.2.jar:/Users/mhondar/.m2/repository/org/apiguardian/apiguardian-api/1.1.0/apiguardian-api-1.1.0.jar:/Users/mhondar/.m2/repository/org/opentest4j/opentest4j/1.2.0/opentest4j-1.2.0.jar:/Users/mhondar/.m2/repository/org/junit/platform/junit-platform-commons/1.7.2/junit-platform-commons-1.7.2.jar:/Users/mhondar/.m2/repository/org/junit/jupiter/junit-jupiter-engine/5.7.2/junit-jupiter-engine-5.7.2.jar:/Users/mhondar/.m2/repository/org/junit/platform/junit-platform-engine/1.7.2/junit-platform-engine-1.7.2.jar:"/>
    <property name="java.vm.vendor" value="Oracle Corporation"/>
    <property name="sun.arch.data.model" value="64"/>
    <property name="java.vendor.url" value="https://openjdk.java.net/"/>
    <property name="user.timezone" value=""/>
    <property name="java.vm.specification.version" value="11"/>
    <property name="os.name" value="Mac OS X"/>
    <property name="sun.java.launcher" value="SUN_STANDARD"/>
    <property name="user.country" value="CL"/>
    <property name="sun.boot.library.path" value="/Library/Java/JavaVirtualMachines/jdk-11.0.10.jdk/Contents/Home/lib"/>
    <property name="sun.java.command" value="/Users/mhondar/Documents/AUTOMATIZACION/KARATE DSL/Angular Project/KarateUdemy/target/surefire/surefirebooter4671610649719784262.jar /Users/mhondar/Documents/AUTOMATIZACION/KARATE DSL/Angular Project/KarateUdemy/target/surefire 2021-08-09T10-35-10_212-jvmRun1 surefire9106418685584276264tmp surefire_010656007000165128364tmp"/>
    <property name="http.nonProxyHosts" value="local|*.local|169.254/16|*.169.254/16"/>
    <property name="jdk.debug" value="release"/>
    <property name="surefire.test.class.path" value="/Users/mhondar/Documents/AUTOMATIZACION/KARATE DSL/Angular Project/KarateUdemy/target/test-classes:/Users/mhondar/Documents/AUTOMATIZACION/KARATE DSL/Angular Project/KarateUdemy/target/classes:/Users/mhondar/.m2/repository/com/intuit/karate/karate-junit5/1.1.0/karate-junit5-1.1.0.jar:/Users/mhondar/.m2/repository/com/intuit/karate/karate-core/1.1.0/karate-core-1.1.0.jar:/Users/mhondar/.m2/repository/org/graalvm/js/js-scriptengine/21.2.0/js-scriptengine-21.2.0.jar:/Users/mhondar/.m2/repository/org/graalvm/sdk/graal-sdk/21.2.0/graal-sdk-21.2.0.jar:/Users/mhondar/.m2/repository/org/graalvm/js/js/21.2.0/js-21.2.0.jar:/Users/mhondar/.m2/repository/org/graalvm/regex/regex/21.2.0/regex-21.2.0.jar:/Users/mhondar/.m2/repository/org/graalvm/truffle/truffle-api/21.2.0/truffle-api-21.2.0.jar:/Users/mhondar/.m2/repository/com/ibm/icu/icu4j/69.1/icu4j-69.1.jar:/Users/mhondar/.m2/repository/ch/qos/logback/logback-classic/1.2.3/logback-classic-1.2.3.jar:/Users/mhondar/.m2/repository/ch/qos/logback/logback-core/1.2.3/logback-core-1.2.3.jar:/Users/mhondar/.m2/repository/org/slf4j/slf4j-api/1.7.25/slf4j-api-1.7.25.jar:/Users/mhondar/.m2/repository/org/slf4j/jcl-over-slf4j/1.7.25/jcl-over-slf4j-1.7.25.jar:/Users/mhondar/.m2/repository/com/jayway/jsonpath/json-path/2.6.0/json-path-2.6.0.jar:/Users/mhondar/.m2/repository/net/minidev/json-smart/2.4.7/json-smart-2.4.7.jar:/Users/mhondar/.m2/repository/net/minidev/accessors-smart/2.4.7/accessors-smart-2.4.7.jar:/Users/mhondar/.m2/repository/org/ow2/asm/asm/9.1/asm-9.1.jar:/Users/mhondar/.m2/repository/info/cukes/cucumber-java/1.2.5/cucumber-java-1.2.5.jar:/Users/mhondar/.m2/repository/info/cukes/cucumber-core/1.2.5/cucumber-core-1.2.5.jar:/Users/mhondar/.m2/repository/org/yaml/snakeyaml/1.29/snakeyaml-1.29.jar:/Users/mhondar/.m2/repository/de/siegmar/fastcsv/2.0.0/fastcsv-2.0.0.jar:/Users/mhondar/.m2/repository/info/picocli/picocli/4.6.1/picocli-4.6.1.jar:/Users/mhondar/.m2/repository/org/junit/jupiter/junit-jupiter-api/5.7.2/junit-jupiter-api-5.7.2.jar:/Users/mhondar/.m2/repository/org/apiguardian/apiguardian-api/1.1.0/apiguardian-api-1.1.0.jar:/Users/mhondar/.m2/repository/org/opentest4j/opentest4j/1.2.0/opentest4j-1.2.0.jar:/Users/mhondar/.m2/repository/org/junit/platform/junit-platform-commons/1.7.2/junit-platform-commons-1.7.2.jar:/Users/mhondar/.m2/repository/org/junit/jupiter/junit-jupiter-engine/5.7.2/junit-jupiter-engine-5.7.2.jar:/Users/mhondar/.m2/repository/org/junit/platform/junit-platform-engine/1.7.2/junit-platform-engine-1.7.2.jar:"/>
    <property name="sun.cpu.endian" value="little"/>
    <property name="user.home" value="/Users/mhondar"/>
    <property name="user.language" value="es"/>
    <property name="java.specification.vendor" value="Oracle Corporation"/>
    <property name="java.version.date" value="2021-01-19"/>
    <property name="java.home" value="/Library/Java/JavaVirtualMachines/jdk-11.0.10.jdk/Contents/Home"/>
    <property name="file.separator" value="/"/>
    <property name="basedir" value="/Users/mhondar/Documents/AUTOMATIZACION/KARATE DSL/Angular Project/KarateUdemy"/>
    <property name="java.vm.compressedOopsMode" value="Zero based"/>
    <property name="line.separator" value="&#10;"/>
    <property name="java.specification.name" value="Java Platform API Specification"/>
    <property name="java.vm.specification.vendor" value="Oracle Corporation"/>
    <property name="java.awt.graphicsenv" value="sun.awt.CGraphicsEnvironment"/>
    <property name="surefire.real.class.path" value="/Users/mhondar/Documents/AUTOMATIZACION/KARATE DSL/Angular Project/KarateUdemy/target/surefire/surefirebooter4671610649719784262.jar"/>
    <property name="sun.management.compiler" value="HotSpot 64-Bit Tiered Compilers"/>
    <property name="ftp.nonProxyHosts" value="local|*.local|169.254/16|*.169.254/16"/>
    <property name="java.runtime.version" value="11.0.10+8-LTS-162"/>
    <property name="user.name" value="mhondar"/>
    <property name="path.separator" value=":"/>
    <property name="os.version" value="10.16"/>
    <property name="java.runtime.name" value="Java(TM) SE Runtime Environment"/>
    <property name="file.encoding" value="UTF-8"/>
    <property name="java.vm.name" value="Java HotSpot(TM) 64-Bit Server VM"/>
    <property name="java.vendor.version" value="18.9"/>
    <property name="localRepository" value="/Users/mhondar/.m2/repository"/>
    <property name="java.vendor.url.bug" value="https://bugreport.java.com/bugreport/"/>
    <property name="java.io.tmpdir" value="/var/folders/tg/jc73wlq11zj1z6940g6nkrt00000gn/T/"/>
    <property name="java.version" value="11.0.10"/>
    <property name="user.dir" value="/Users/mhondar/Documents/AUTOMATIZACION/KARATE DSL/Angular Project/KarateUdemy"/>
    <property name="os.arch" value="x86_64"/>
    <property name="java.vm.specification.name" value="Java Virtual Machine Specification"/>
    <property name="java.awt.printerjob" value="sun.lwawt.macosx.CPrinterJob"/>
    <property name="sun.os.patch.level" value="unknown"/>
    <property name="java.library.path" value="/Users/mhondar/Library/Java/Extensions:/Library/Java/Extensions:/Network/Library/Java/Extensions:/System/Library/Java/Extensions:/usr/lib/java:."/>
    <property name="java.vendor" value="Oracle Corporation"/>
    <property name="java.vm.info" value="mixed mode"/>
    <property name="java.vm.version" value="11.0.10+8-LTS-162"/>
    <property name="sun.io.unicode.encoding" value="UnicodeBig"/>
    <property name="java.class.version" value="55.0"/>
    <property name="socksNonProxyHosts" value="local|*.local|169.254/16|*.169.254/16"/>
  </properties>
  <testcase name="testParallel" classname="examples.ExamplesTest" time="4.401"/>
</testsuite>